2024-07-30 12:34:54,446 - middleware.middleware - INFO - Incoming request: GET /users/
2024-07-30 12:34:54,447 - middleware.middleware - INFO - Outgoing response code: 401
2024-07-30 12:35:16,469 - middleware.middleware - INFO - Incoming request: GET /docs
2024-07-30 12:35:16,470 - middleware.middleware - INFO - Outgoing response code: 200
2024-07-30 12:35:16,772 - middleware.middleware - INFO - Incoming request: GET /openapi.json
2024-07-30 12:35:16,798 - middleware.middleware - INFO - Outgoing response code: 200
2024-07-30 12:35:33,507 - middleware.middleware - INFO - Incoming request: POST /auth/token
2024-07-30 12:35:35,196 - middleware.middleware - INFO - Outgoing response code: 200
2024-07-30 12:35:39,664 - middleware.middleware - INFO - Incoming request: GET /users/mine
2024-07-30 12:35:39,669 - middleware.middleware - INFO - Outgoing response code: 422
2024-07-30 12:36:15,154 - middleware.middleware - INFO - Incoming request: GET /users/mine
2024-07-30 12:36:15,159 - middleware.middleware - INFO - Outgoing response code: 422
2024-07-30 12:36:37,640 - middleware.middleware - INFO - Incoming request: GET /docs
2024-07-30 12:36:37,641 - middleware.middleware - INFO - Outgoing response code: 200
2024-07-30 12:36:37,766 - middleware.middleware - INFO - Incoming request: GET /openapi.json
2024-07-30 12:36:37,791 - middleware.middleware - INFO - Outgoing response code: 200
2024-07-30 12:37:00,369 - middleware.middleware - INFO - Incoming request: GET /users/23
2024-07-30 12:37:00,370 - middleware.middleware - INFO - Outgoing response code: 401
2024-07-30 12:37:12,340 - middleware.middleware - INFO - Incoming request: POST /auth/token
2024-07-30 12:37:13,968 - middleware.middleware - INFO - Outgoing response code: 200
2024-07-30 12:37:16,237 - middleware.middleware - INFO - Incoming request: GET /users/23
2024-07-30 12:37:16,244 - middleware.middleware - INFO - Outgoing response code: 404
2024-07-30 12:37:22,256 - middleware.middleware - INFO - Incoming request: GET /users/24
2024-07-30 12:37:22,262 - middleware.middleware - INFO - Outgoing response code: 404
2024-07-30 12:39:43,848 - middleware.middleware - INFO - Incoming request: GET /docs
2024-07-30 12:39:43,849 - middleware.middleware - INFO - Outgoing response code: 200
2024-07-30 12:39:44,174 - middleware.middleware - INFO - Incoming request: GET /openapi.json
2024-07-30 12:39:44,201 - middleware.middleware - INFO - Outgoing response code: 200
2024-07-30 12:39:52,809 - middleware.middleware - INFO - Incoming request: POST /auth/token
2024-07-30 12:39:54,582 - middleware.middleware - INFO - Outgoing response code: 200
2024-07-30 12:40:12,660 - middleware.middleware - INFO - Incoming request: GET /docs
2024-07-30 12:40:12,660 - middleware.middleware - INFO - Outgoing response code: 200
2024-07-30 12:40:17,927 - middleware.middleware - INFO - Incoming request: GET /openapi.json
2024-07-30 12:40:17,997 - middleware.middleware - INFO - Outgoing response code: 200
2024-07-30 12:40:53,373 - middleware.middleware - INFO - Incoming request: POST /auth/token
2024-07-30 12:40:55,007 - middleware.middleware - INFO - Outgoing response code: 200
2024-07-30 12:40:58,829 - middleware.middleware - INFO - Incoming request: GET /users/me
2024-07-30 12:40:58,833 - middleware.middleware - INFO - Outgoing response code: 422
2024-07-30 12:41:25,110 - middleware.middleware - INFO - Incoming request: GET /users/me
2024-07-30 12:41:25,115 - middleware.middleware - INFO - Outgoing response code: 422
2024-07-30 12:42:13,915 - middleware.middleware - INFO - Incoming request: GET /users/
2024-07-30 12:42:13,920 - middleware.middleware - INFO - Outgoing response code: 200
2024-07-30 12:42:30,936 - middleware.middleware - INFO - Incoming request: GET /users/47
2024-07-30 12:42:30,941 - middleware.middleware - INFO - Outgoing response code: 200
2024-07-30 12:43:10,484 - middleware.middleware - INFO - Incoming request: GET /users/me
2024-07-30 12:43:54,301 - middleware.middleware - INFO - Outgoing response code: 422
2024-07-30 12:43:57,277 - middleware.middleware - INFO - Incoming request: GET /users/me
2024-07-30 12:46:12,860 - middleware.middleware - INFO - Outgoing response code: 422
2024-07-30 12:46:22,947 - middleware.middleware - INFO - Incoming request: GET /users/47
2024-07-30 12:48:30,269 - middleware.middleware - INFO - Outgoing response code: 200
2024-07-30 12:48:37,222 - middleware.middleware - INFO - Incoming request: GET /users/me
2024-07-30 12:49:23,809 - middleware.middleware - INFO - Outgoing response code: 422
